[2022-02-20 10:41:30.882] [renderer1] [info] IExtensionHostStarter.start() took 15 ms.
[2022-02-20 10:41:31.165] [renderer1] [error] [Extension Host] (node:10418) [DEP0005] DeprecationWarning: Buffer() is deprecated due to security and usability issues. Please use the Buffer.alloc(), Buffer.allocUnsafe(), or Buffer.from() methods instead.
(Use `code --trace-deprecation ...` to show where the warning was created)
[2022-02-20 10:42:32.303] [renderer1] [error] Could not find category with ID: ms-vscode.cpptools#cppWelcome: Error: Could not find category with ID: ms-vscode.cpptools#cppWelcome
    at vscode-file://vscode-app/usr/share/code/resources/app/out/vs/workbench/workbench.desktop.main.js:2820:93977
    at o.fire (vscode-file://vscode-app/usr/share/code/resources/app/out/vs/workbench/workbench.desktop.main.js:67:1712)
    at N.progressStep (vscode-file://vscode-app/usr/share/code/resources/app/out/vs/workbench/workbench.desktop.main.js:1710:28659)
    at N.registerDoneListeners (vscode-file://vscode-app/usr/share/code/resources/app/out/vs/workbench/workbench.desktop.main.js:1710:31199)
    at vscode-file://vscode-app/usr/share/code/resources/app/out/vs/workbench/workbench.desktop.main.js:1710:29517
    at Array.forEach (<anonymous>)
    at N._registerWalkthrough (vscode-file://vscode-app/usr/share/code/resources/app/out/vs/workbench/workbench.desktop.main.js:1710:29299)
    at vscode-file://vscode-app/usr/share/code/resources/app/out/vs/workbench/workbench.desktop.main.js:1710:26684
    at async Promise.all (index 0)
    at async N.registerExtensionWalkthroughContributions (vscode-file://vscode-app/usr/share/code/resources/app/out/vs/workbench/workbench.desktop.main.js:1710:24220)
    at async Promise.all (index 1)
    at async m._handler (vscode-file://vscode-app/usr/share/code/resources/app/out/vs/workbench/workbench.desktop.main.js:1710:20596)
[2022-02-20 10:42:32.333] [renderer1] [error] Assertion Failed: argument is undefined or null: Error: Assertion Failed: argument is undefined or null
    at c (vscode-file://vscode-app/usr/share/code/resources/app/out/vs/workbench/workbench.desktop.main.js:74:4310)
    at ql.selectStep (vscode-file://vscode-app/usr/share/code/resources/app/out/vs/workbench/workbench.desktop.main.js:2820:104940)
    at ql.buildCategorySlide (vscode-file://vscode-app/usr/share/code/resources/app/out/vs/workbench/workbench.desktop.main.js:2952:17570)
    at ql.buildCategoriesSlide (vscode-file://vscode-app/usr/share/code/resources/app/out/vs/workbench/workbench.desktop.main.js:2952:3871)
    at ql.setInput (vscode-file://vscode-app/usr/share/code/resources/app/out/vs/workbench/workbench.desktop.main.js:2820:95516)
    at async i.doSetInput (vscode-file://vscode-app/usr/share/code/resources/app/out/vs/workbench/workbench.desktop.main.js:2351:26831)
    at async i.doOpenEditor (vscode-file://vscode-app/usr/share/code/resources/app/out/vs/workbench/workbench.desktop.main.js:2351:25204)
    at async i.openEditor (vscode-file://vscode-app/usr/share/code/resources/app/out/vs/workbench/workbench.desktop.main.js:2351:24830)
    at async vscode-file://vscode-app/usr/share/code/resources/app/out/vs/workbench/workbench.desktop.main.js:2551:16600
