[2022-02-20 10:41:31.354] [sharedprocess] [info] Starting worker process with pid 10458 (type: fileWatcher, window: 1).
[2022-02-20 10:41:59.297] [sharedprocess] [info] Getting Manifest... ms-vscode.cpptools-extension-pack
[2022-02-20 10:41:59.300] [sharedprocess] [info] Installing extension: ms-vscode.cpptools-extension-pack
[2022-02-20 10:41:59.812] [sharedprocess] [info] Getting Manifest... ms-vscode.cpptools
[2022-02-20 10:42:00.535] [sharedprocess] [info] Getting Manifest... ms-vscode-remote.remote-wsl
[2022-02-20 10:42:01.348] [sharedprocess] [info] Getting Manifest... ms-vscode-remote.remote-containers
[2022-02-20 10:42:02.064] [sharedprocess] [info] Getting Manifest... ms-vscode-remote.remote-ssh
[2022-02-20 10:42:03.157] [sharedprocess] [info] Getting Manifest... ms-vscode-remote.remote-ssh-edit
[2022-02-20 10:42:03.814] [sharedprocess] [info] Getting Manifest... ms-vscode.cmake-tools
[2022-02-20 10:42:04.790] [sharedprocess] [info] Getting Manifest... twxs.cmake
[2022-02-20 10:42:05.756] [sharedprocess] [info] Getting Manifest... twxs.cmake
[2022-02-20 10:42:05.761] [sharedprocess] [info] Getting Manifest... jeff-hykin.better-cpp-syntax
[2022-02-20 10:42:06.058] [sharedprocess] [info] Getting Manifest... ms-vscode.cpptools-themes
[2022-02-20 10:42:06.772] [sharedprocess] [info] Getting Manifest... cschlosser.doxdocgen
[2022-02-20 10:42:07.828] [sharedprocess] [info] Installing extension: ms-vscode.cpptools
[2022-02-20 10:42:07.829] [sharedprocess] [info] Installing extension: ms-vscode-remote.remote-wsl
[2022-02-20 10:42:07.829] [sharedprocess] [info] Installing extension: ms-vscode-remote.remote-containers
[2022-02-20 10:42:07.829] [sharedprocess] [info] Installing extension: ms-vscode-remote.remote-ssh
[2022-02-20 10:42:07.829] [sharedprocess] [info] Installing extension: ms-vscode-remote.remote-ssh-edit
[2022-02-20 10:42:07.829] [sharedprocess] [info] Installing extension: ms-vscode.cmake-tools
[2022-02-20 10:42:07.829] [sharedprocess] [info] Installing extension: twxs.cmake
[2022-02-20 10:42:07.829] [sharedprocess] [info] Extension is already requested to install twxs.cmake
[2022-02-20 10:42:07.829] [sharedprocess] [info] Installing extension: jeff-hykin.better-cpp-syntax
[2022-02-20 10:42:07.829] [sharedprocess] [info] Installing extension: ms-vscode.cpptools-themes
[2022-02-20 10:42:07.829] [sharedprocess] [info] Installing extension: cschlosser.doxdocgen
[2022-02-20 10:42:09.465] [sharedprocess] [info] Downloaded extension: ms-vscode-remote.remote-ssh-edit /home/hh/.config/Code/CachedExtensionVSIXs/ms-vscode-remote.remote-ssh-edit-0.74.0
[2022-02-20 10:42:09.492] [sharedprocess] [info] Extracted extension to /home/hh/.vscode/extensions/.e3ac2b87-0b54-40a6-b51e-252ddb06c233: ms-vscode-remote.remote-ssh-edit
[2022-02-20 10:42:09.499] [sharedprocess] [info] Renamed to /home/hh/.vscode/extensions/ms-vscode-remote.remote-ssh-edit-0.74.0
[2022-02-20 10:42:09.499] [sharedprocess] [info] Extracting completed. ms-vscode-remote.remote-ssh-edit
[2022-02-20 10:42:09.626] [sharedprocess] [info] Downloaded extension: jeff-hykin.better-cpp-syntax /home/hh/.config/Code/CachedExtensionVSIXs/jeff-hykin.better-cpp-syntax-1.15.13
[2022-02-20 10:42:09.649] [sharedprocess] [info] Extracted extension to /home/hh/.vscode/extensions/.88e6c605-b26a-4025-84ec-0208da6e505f: jeff-hykin.better-cpp-syntax
[2022-02-20 10:42:09.655] [sharedprocess] [info] Renamed to /home/hh/.vscode/extensions/jeff-hykin.better-cpp-syntax-1.15.13
[2022-02-20 10:42:09.655] [sharedprocess] [info] Extracting completed. jeff-hykin.better-cpp-syntax
[2022-02-20 10:42:11.034] [sharedprocess] [info] Downloaded extension: ms-vscode.cpptools-themes /home/hh/.config/Code/CachedExtensionVSIXs/ms-vscode.cpptools-themes-1.0.0
[2022-02-20 10:42:11.044] [sharedprocess] [info] Extracted extension to /home/hh/.vscode/extensions/.edc7380b-c36c-4412-bb9e-37adc08b440f: ms-vscode.cpptools-themes
[2022-02-20 10:42:11.050] [sharedprocess] [info] Renamed to /home/hh/.vscode/extensions/ms-vscode.cpptools-themes-1.0.0
[2022-02-20 10:42:11.050] [sharedprocess] [info] Extracting completed. ms-vscode.cpptools-themes
[2022-02-20 10:42:11.114] [sharedprocess] [info] Downloaded extension: cschlosser.doxdocgen /home/hh/.config/Code/CachedExtensionVSIXs/cschlosser.doxdocgen-1.3.2
[2022-02-20 10:42:11.522] [sharedprocess] [info] Downloaded extension: ms-vscode.cmake-tools /home/hh/.config/Code/CachedExtensionVSIXs/ms-vscode.cmake-tools-1.9.2
[2022-02-20 10:42:11.650] [sharedprocess] [info] Extracted extension to /home/hh/.vscode/extensions/.c270a135-28d9-4920-997a-e72466e1662f: cschlosser.doxdocgen
[2022-02-20 10:42:11.659] [sharedprocess] [info] Renamed to /home/hh/.vscode/extensions/cschlosser.doxdocgen-1.3.2
[2022-02-20 10:42:11.661] [sharedprocess] [info] Extracting completed. cschlosser.doxdocgen
[2022-02-20 10:42:11.663] [sharedprocess] [info] Extracted extension to /home/hh/.vscode/extensions/.d7aaeefa-c661-453c-a4c6-205afdb20474: ms-vscode.cmake-tools
[2022-02-20 10:42:11.672] [sharedprocess] [info] Renamed to /home/hh/.vscode/extensions/ms-vscode.cmake-tools-1.9.2
[2022-02-20 10:42:11.673] [sharedprocess] [info] Extracting completed. ms-vscode.cmake-tools
[2022-02-20 10:42:12.096] [sharedprocess] [info] Downloaded extension: ms-vscode-remote.remote-ssh /home/hh/.config/Code/CachedExtensionVSIXs/ms-vscode-remote.remote-ssh-0.74.0
[2022-02-20 10:42:12.142] [sharedprocess] [info] Extracted extension to /home/hh/.vscode/extensions/.15540ee3-5ac4-4d87-9e63-b0206a251af2: ms-vscode-remote.remote-ssh
[2022-02-20 10:42:12.149] [sharedprocess] [info] Renamed to /home/hh/.vscode/extensions/ms-vscode-remote.remote-ssh-0.74.0
[2022-02-20 10:42:12.150] [sharedprocess] [info] Extracting completed. ms-vscode-remote.remote-ssh
[2022-02-20 10:42:12.270] [sharedprocess] [info] Downloaded extension: ms-vscode-remote.remote-wsl /home/hh/.config/Code/CachedExtensionVSIXs/ms-vscode-remote.remote-wsl-0.64.2
[2022-02-20 10:42:12.315] [sharedprocess] [info] Extracted extension to /home/hh/.vscode/extensions/.97a9e08e-9713-4cc9-96ee-97cca3f2c5f1: ms-vscode-remote.remote-wsl
[2022-02-20 10:42:12.321] [sharedprocess] [info] Renamed to /home/hh/.vscode/extensions/ms-vscode-remote.remote-wsl-0.64.2
[2022-02-20 10:42:12.322] [sharedprocess] [info] Extracting completed. ms-vscode-remote.remote-wsl
[2022-02-20 10:42:13.772] [sharedprocess] [info] Downloaded extension: ms-vscode-remote.remote-containers /home/hh/.config/Code/CachedExtensionVSIXs/ms-vscode-remote.remote-containers-0.217.4
[2022-02-20 10:42:14.023] [sharedprocess] [info] Extracted extension to /home/hh/.vscode/extensions/.a9c9bc56-71c2-48a7-bdb3-b52adcf205a8: ms-vscode-remote.remote-containers
[2022-02-20 10:42:14.038] [sharedprocess] [info] Renamed to /home/hh/.vscode/extensions/ms-vscode-remote.remote-containers-0.217.4
[2022-02-20 10:42:14.039] [sharedprocess] [info] Extracting completed. ms-vscode-remote.remote-containers
[2022-02-20 10:42:16.281] [sharedprocess] [info] Downloaded extension: twxs.cmake /home/hh/.config/Code/CachedExtensionVSIXs/twxs.cmake-0.0.17
[2022-02-20 10:42:16.391] [sharedprocess] [info] Extracted extension to /home/hh/.vscode/extensions/.4c53f05c-2977-41ce-ba92-91f177b82751: twxs.cmake
[2022-02-20 10:42:16.398] [sharedprocess] [info] Renamed to /home/hh/.vscode/extensions/twxs.cmake-0.0.17
[2022-02-20 10:42:16.398] [sharedprocess] [info] Extracting completed. twxs.cmake
[2022-02-20 10:42:29.148] [sharedprocess] [info] Downloaded extension: ms-vscode.cpptools /home/hh/.config/Code/CachedExtensionVSIXs/ms-vscode.cpptools-1.8.4-linux-x64
[2022-02-20 10:42:30.726] [sharedprocess] [info] Extracted extension to /home/hh/.vscode/extensions/.a8a51934-dbc8-4068-8dcb-b076adc0ebfa: ms-vscode.cpptools
[2022-02-20 10:42:30.740] [sharedprocess] [info] Renamed to /home/hh/.vscode/extensions/ms-vscode.cpptools-1.8.4
[2022-02-20 10:42:30.742] [sharedprocess] [info] Extracting completed. ms-vscode.cpptools
[2022-02-20 10:42:32.093] [sharedprocess] [info] Downloaded extension: ms-vscode.cpptools-extension-pack /home/hh/.config/Code/CachedExtensionVSIXs/ms-vscode.cpptools-extension-pack-1.1.0
[2022-02-20 10:42:32.100] [sharedprocess] [info] Extracted extension to /home/hh/.vscode/extensions/.fc301ee6-8662-428e-8c56-1738e7ea7b5f: ms-vscode.cpptools-extension-pack
[2022-02-20 10:42:32.106] [sharedprocess] [info] Renamed to /home/hh/.vscode/extensions/ms-vscode.cpptools-extension-pack-1.1.0
[2022-02-20 10:42:32.106] [sharedprocess] [info] Extracting completed. ms-vscode.cpptools-extension-pack
[2022-02-20 10:42:32.110] [sharedprocess] [info] Extension installed successfully: ms-vscode-remote.remote-ssh-edit
[2022-02-20 10:42:32.110] [sharedprocess] [info] Extension installed successfully: jeff-hykin.better-cpp-syntax
[2022-02-20 10:42:32.110] [sharedprocess] [info] Extension installed successfully: ms-vscode.cpptools-themes
[2022-02-20 10:42:32.110] [sharedprocess] [info] Extension installed successfully: cschlosser.doxdocgen
[2022-02-20 10:42:32.111] [sharedprocess] [info] Extension installed successfully: ms-vscode.cmake-tools
[2022-02-20 10:42:32.111] [sharedprocess] [info] Extension installed successfully: ms-vscode-remote.remote-ssh
[2022-02-20 10:42:32.112] [sharedprocess] [info] Extension installed successfully: ms-vscode-remote.remote-wsl
[2022-02-20 10:42:32.112] [sharedprocess] [info] Extension installed successfully: ms-vscode-remote.remote-containers
[2022-02-20 10:42:32.112] [sharedprocess] [info] Extension installed successfully: twxs.cmake
[2022-02-20 10:42:32.113] [sharedprocess] [info] Extension installed successfully: ms-vscode.cpptools
[2022-02-20 10:42:32.113] [sharedprocess] [info] Extension installed successfully: ms-vscode.cpptools-extension-pack
