

1644392598.779746311  Node Startup
1644392656.143812894 INFO /turtlebot3_core [serial_node.py:49(<module>)] [topics: /rosout] ROS Serial Python Node
1644392656.256381034 INFO /turtlebot3_core [serial_node.py:86(<module>)] [topics: /rosout] Connecting to /dev/ttyACM0 at 115200 baud
1644392658.615474939 INFO /turtlebot3_core [SerialClient.py:404(SerialClient.requestTopics)] [topics: /diagnostics, /rosout] Requesting topics...
1644392658.678296089 INFO /turtlebot3_core [SerialClient.py:562(SerialClient.setPublishSize)] [topics: /diagnostics, /rosout, /sensor_state] Note: publish buffer size is 1024 bytes
1644392658.699995040 INFO /turtlebot3_core [SerialClient.py:578(SerialClient.setupPublisher)] [topics: /diagnostics, /rosout, /sensor_state] Setup publisher on sensor_state [turtlebot3_msgs/SensorState]
1644392658.733773946 INFO /turtlebot3_core [SerialClient.py:578(SerialClient.setupPublisher)] [topics: /firmware_version, /diagnostics, /rosout, /sensor_state] Setup publisher on firmware_version [turtlebot3_msgs/VersionInfo]
1644392659.236119031 INFO /turtlebot3_core [SerialClient.py:578(SerialClient.setupPublisher)] [topics: /firmware_version, /diagnostics, /imu, /rosout, /sensor_state] Setup publisher on imu [sensor_msgs/Imu]
1644392659.262744903 INFO /turtlebot3_core [SerialClient.py:578(SerialClient.setupPublisher)] [topics: /cmd_vel_rc100, /imu, /firmware_version, /diagnostics, /rosout, /sensor_state] Setup publisher on cmd_vel_rc100 [geometry_msgs/Twist]
1644392659.647424936 INFO /turtlebot3_core [SerialClient.py:578(SerialClient.setupPublisher)] [topics: /cmd_vel_rc100, /imu, /odom, /firmware_version, /diagnostics, /rosout, /sensor_state] Setup publisher on odom [nav_msgs/Odometry]
1644392659.680582046 INFO /turtlebot3_core [SerialClient.py:578(SerialClient.setupPublisher)] [topics: /firmware_version, /joint_states, /rosout, /cmd_vel_rc100, /imu, /odom, /diagnostics, /sensor_state] Setup publisher on joint_states [sensor_msgs/JointState]
1644392659.699327945 ERROR /turtlebot3_core [SerialClient.py:580(SerialClient.setupPublisher)] [topics: /firmware_version, /joint_states, /rosout, /cmd_vel_rc100, /imu, /odom, /diagnostics, /sensor_state] Creation of publisher failed: Checksum does not match: 476f837fa6771f6e16e3bf4ef96f8770,4ddae7f048e32fda22cac764685e3974
1644392659.730475902 INFO /turtlebot3_core [SerialClient.py:578(SerialClient.setupPublisher)] [topics: /firmware_version, /joint_states, /rosout, /cmd_vel_rc100, /imu, /odom, /diagnostics, /sensor_state, /magnetic_field] Setup publisher on magnetic_field [sensor_msgs/MagneticField]
1644392661.484710931 INFO /turtlebot3_core [SerialClient.py:578(SerialClient.setupPublisher)] [topics: /firmware_version, /joint_states, /rosout, /tf, /cmd_vel_rc100, /imu, /odom, /diagnostics, /sensor_state, /magnetic_field] Setup publisher on /tf [tf/tfMessage]
1644392661.520281076 INFO /turtlebot3_core [SerialClient.py:567(SerialClient.setSubscribeSize)] [topics: /firmware_version, /joint_states, /rosout, /tf, /cmd_vel_rc100, /imu, /odom, /diagnostics, /cmd_vel, /sensor_state, /magnetic_field] Note: subscribe buffer size is 1024 bytes
1644392661.532922029 INFO /turtlebot3_core [SerialClient.py:591(SerialClient.setupSubscriber)] [topics: /firmware_version, /joint_states, /rosout, /tf, /cmd_vel_rc100, /imu, /odom, /diagnostics, /cmd_vel, /sensor_state, /magnetic_field] Setup subscriber on cmd_vel [geometry_msgs/Twist]
1644392661.570185899 INFO /turtlebot3_core [SerialClient.py:591(SerialClient.setupSubscriber)] [topics: /firmware_version, /joint_states, /rosout, /imu, /tf, /cmd_vel_rc100, /sound, /odom, /diagnostics, /cmd_vel, /sensor_state, /magnetic_field] Setup subscriber on sound [turtlebot3_msgs/Sound]
1644392661.605400085 INFO /turtlebot3_core [SerialClient.py:591(SerialClient.setupSubscriber)] [topics: /firmware_version, /rosout, /joint_states, /motor_power, /imu, /tf, /cmd_vel_rc100, /sound, /odom, /diagnostics, /cmd_vel, /sensor_state, /magnetic_field] Setup subscriber on motor_power [std_msgs/Bool]
1644392661.640290021 INFO /turtlebot3_core [SerialClient.py:591(SerialClient.setupSubscriber)] [topics: /firmware_version, /rosout, /joint_states, /motor_power, /imu, /tf, /cmd_vel_rc100, /sound, /odom, /reset, /diagnostics, /cmd_vel, /sensor_state, /magnetic_field] Setup subscriber on reset [std_msgs/Empty]
1644392661.779331922 INFO /turtlebot3_core [SerialClient.py:730(SerialClient.handleLoggingRequest)] [topics: /firmware_version, /rosout, /joint_states, /motor_power, /imu, /tf, /cmd_vel_rc100, /sound, /odom, /reset, /diagnostics, /cmd_vel, /sensor_state, /magnetic_field] Setup TF on Odometry [odom]
1644392661.800952911 INFO /turtlebot3_core [SerialClient.py:730(SerialClient.handleLoggingRequest)] [topics: /firmware_version, /rosout, /joint_states, /motor_power, /imu, /tf, /cmd_vel_rc100, /sound, /odom, /reset, /diagnostics, /cmd_vel, /sensor_state, /magnetic_field] Setup TF on IMU [imu_link]
1644392661.821054935 INFO /turtlebot3_core [SerialClient.py:730(SerialClient.handleLoggingRequest)] [topics: /firmware_version, /rosout, /joint_states, /motor_power, /imu, /tf, /cmd_vel_rc100, /sound, /odom, /reset, /diagnostics, /cmd_vel, /sensor_state, /magnetic_field] Setup TF on MagneticField [mag_link]
1644392661.960716009 INFO /turtlebot3_core [SerialClient.py:730(SerialClient.handleLoggingRequest)] [topics: /firmware_version, /rosout, /joint_states, /motor_power, /imu, /tf, /cmd_vel_rc100, /sound, /odom, /reset, /diagnostics, /cmd_vel, /sensor_state, /magnetic_field] Setup TF on JointState [base_link]
1644392661.985740900 INFO /turtlebot3_core [SerialClient.py:730(SerialClient.handleLoggingRequest)] [topics: /firmware_version, /rosout, /joint_states, /motor_power, /imu, /tf, /cmd_vel_rc100, /sound, /odom, /reset, /diagnostics, /cmd_vel, /sensor_state, /magnetic_field] --------------------------
1644392662.002685070 INFO /turtlebot3_core [SerialClient.py:730(SerialClient.handleLoggingRequest)] [topics: /firmware_version, /rosout, /joint_states, /motor_power, /imu, /tf, /cmd_vel_rc100, /sound, /odom, /reset, /diagnostics, /cmd_vel, /sensor_state, /magnetic_field] Connected to OpenCR board!
1644392662.018937110 INFO /turtlebot3_core [SerialClient.py:730(SerialClient.handleLoggingRequest)] [topics: /firmware_version, /rosout, /joint_states, /motor_power, /imu, /tf, /cmd_vel_rc100, /sound, /odom, /reset, /diagnostics, /cmd_vel, /sensor_state, /magnetic_field] This core(v1.2.6) is compatible with TB3 Burger
1644392662.034172058 INFO /turtlebot3_core [SerialClient.py:730(SerialClient.handleLoggingRequest)] [topics: /firmware_version, /rosout, /joint_states, /motor_power, /imu, /tf, /cmd_vel_rc100, /sound, /odom, /reset, /diagnostics, /cmd_vel, /sensor_state, /magnetic_field] --------------------------
1644392662.057971954 INFO /turtlebot3_core [SerialClient.py:730(SerialClient.handleLoggingRequest)] [topics: /firmware_version, /rosout, /joint_states, /motor_power, /imu, /tf, /cmd_vel_rc100, /sound, /odom, /reset, /diagnostics, /cmd_vel, /sensor_state, /magnetic_field] Start Calibration of Gyro
1644392664.532135963 INFO /turtlebot3_core [SerialClient.py:730(SerialClient.handleLoggingRequest)] [topics: /firmware_version, /rosout, /joint_states, /motor_power, /imu, /tf, /cmd_vel_rc100, /sound, /odom, /reset, /diagnostics, /cmd_vel, /sensor_state, /magnetic_field] Calibration End
1644392664.555913925 ERROR /turtlebot3_core [SerialClient.py:542(SerialClient.run)] [topics: /firmware_version, /rosout, /joint_states, /motor_power, /imu, /tf, /cmd_vel_rc100, /sound, /odom, /reset, /diagnostics, /cmd_vel, /sensor_state, /magnetic_field] Tried to publish before configured, topic id 131
1644392664.568777084 INFO /turtlebot3_core [SerialClient.py:404(SerialClient.requestTopics)] [topics: /firmware_version, /rosout, /joint_states, /motor_power, /imu, /tf, /cmd_vel_rc100, /sound, /odom, /reset, /diagnostics, /cmd_vel, /sensor_state, /magnetic_field] Requesting topics...
1644392664.635200023 ERROR /turtlebot3_core [SerialClient.py:542(SerialClient.run)] [topics: /firmware_version, /rosout, /joint_states, /motor_power, /imu, /tf, /cmd_vel_rc100, /sound, /odom, /reset, /diagnostics, /cmd_vel, /sensor_state, /magnetic_field] Tried to publish before configured, topic id 131
1644392664.648854017 INFO /turtlebot3_core [SerialClient.py:404(SerialClient.requestTopics)] [topics: /firmware_version, /rosout, /joint_states, /motor_power, /imu, /tf, /cmd_vel_rc100, /sound, /odom, /reset, /diagnostics, /cmd_vel, /sensor_state, /magnetic_field] Requesting topics...
1644392664.750230073 ERROR /turtlebot3_core [SerialClient.py:542(SerialClient.run)] [topics: /firmware_version, /rosout, /joint_states, /motor_power, /imu, /tf, /cmd_vel_rc100, /sound, /odom, /reset, /diagnostics, /cmd_vel, /sensor_state, /magnetic_field] Tried to publish before configured, topic id 131
1644392664.768172979 INFO /turtlebot3_core [SerialClient.py:404(SerialClient.requestTopics)] [topics: /firmware_version, /rosout, /joint_states, /motor_power, /imu, /tf, /cmd_vel_rc100, /sound, /odom, /reset, /diagnostics, /cmd_vel, /sensor_state, /magnetic_field] Requesting topics...
1644392664.890914916 ERROR /turtlebot3_core [SerialClient.py:542(SerialClient.run)] [topics: /firmware_version, /rosout, /joint_states, /motor_power, /imu, /tf, /cmd_vel_rc100, /sound, /odom, /reset, /diagnostics, /cmd_vel, /sensor_state, /magnetic_field] Tried to publish before configured, topic id 131
1644392664.914383888 INFO /turtlebot3_core [SerialClient.py:404(SerialClient.requestTopics)] [topics: /firmware_version, /rosout, /joint_states, /motor_power, /imu, /tf, /cmd_vel_rc100, /sound, /odom, /reset, /diagnostics, /cmd_vel, /sensor_state, /magnetic_field] Requesting topics...
1644392664.972249984 ERROR /turtlebot3_core [SerialClient.py:542(SerialClient.run)] [topics: /firmware_version, /rosout, /joint_states, /motor_power, /imu, /tf, /cmd_vel_rc100, /sound, /odom, /reset, /diagnostics, /cmd_vel, /sensor_state, /magnetic_field] Tried to publish before configured, topic id 131
1644392664.991343975 INFO /turtlebot3_core [SerialClient.py:404(SerialClient.requestTopics)] [topics: /firmware_version, /rosout, /joint_states, /motor_power, /imu, /tf, /cmd_vel_rc100, /sound, /odom, /reset, /diagnostics, /cmd_vel, /sensor_state, /magnetic_field] Requesting topics...
1644392665.044672966 ERROR /turtlebot3_core [SerialClient.py:542(SerialClient.run)] [topics: /firmware_version, /rosout, /joint_states, /motor_power, /imu, /tf, /cmd_vel_rc100, /sound, /odom, /reset, /diagnostics, /cmd_vel, /sensor_state, /magnetic_field] Tried to publish before configured, topic id 131
1644392665.057085990 INFO /turtlebot3_core [SerialClient.py:404(SerialClient.requestTopics)] [topics: /firmware_version, /rosout, /joint_states, /motor_power, /imu, /tf, /cmd_vel_rc100, /sound, /odom, /reset, /diagnostics, /cmd_vel, /sensor_state, /magnetic_field] Requesting topics...
1644392665.107939958 ERROR /turtlebot3_core [SerialClient.py:542(SerialClient.run)] [topics: /firmware_version, /rosout, /joint_states, /motor_power, /imu, /tf, /cmd_vel_rc100, /sound, /odom, /reset, /diagnostics, /cmd_vel, /sensor_state, /magnetic_field] Tried to publish before configured, topic id 131
1644392665.122833013 INFO /turtlebot3_core [SerialClient.py:404(SerialClient.requestTopics)] [topics: /firmware_version, /rosout, /joint_states, /motor_power, /imu, /tf, /cmd_vel_rc100, /sound, /odom, /reset, /diagnostics, /cmd_vel, /sensor_state, /magnetic_field] Requesting topics...
1644392665.198077917 ERROR /turtlebot3_core [SerialClient.py:542(SerialClient.run)] [topics: /firmware_version, /rosout, /joint_states, /motor_power, /imu, /tf, /cmd_vel_rc100, /sound, /odom, /reset, /diagnostics, /cmd_vel, /sensor_state, /magnetic_field] Tried to publish before configured, topic id 131
1644392665.213077068 INFO /turtlebot3_core [SerialClient.py:404(SerialClient.requestTopics)] [topics: /firmware_version, /rosout, /joint_states, /motor_power, /imu, /tf, /cmd_vel_rc100, /sound, /odom, /reset, /diagnostics, /cmd_vel, /sensor_state, /magnetic_field] Requesting topics...
1644392665.292064905 ERROR /turtlebot3_core [SerialClient.py:542(SerialClient.run)] [topics: /firmware_version, /rosout, /joint_states, /motor_power, /imu, /tf, /cmd_vel_rc100, /sound, /odom, /reset, /diagnostics, /cmd_vel, /sensor_state, /magnetic_field] Tried to publish before configured, topic id 131
1644392665.304234027 INFO /turtlebot3_core [SerialClient.py:404(SerialClient.requestTopics)] [topics: /firmware_version, /rosout, /joint_states, /motor_power, /imu, /tf, /cmd_vel_rc100, /sound, /odom, /reset, /diagnostics, /cmd_vel, /sensor_state, /magnetic_field] Requesting topics...
1644392665.415816068 INFO /turtlebot3_core [SerialClient.py:578(SerialClient.setupPublisher)] [topics: /firmware_version, /rosout, /joint_states, /motor_power, /imu, /tf, /cmd_vel_rc100, /sound, /odom, /reset, /diagnostics, /cmd_vel, /sensor_state, /magnetic_field] Setup publisher on sensor_state [turtlebot3_msgs/SensorState]
1644392665.439558029 INFO /turtlebot3_core [SerialClient.py:578(SerialClient.setupPublisher)] [topics: /firmware_version, /rosout, /joint_states, /motor_power, /imu, /tf, /cmd_vel_rc100, /sound, /odom, /reset, /diagnostics, /cmd_vel, /sensor_state, /magnetic_field] Setup publisher on firmware_version [turtlebot3_msgs/VersionInfo]
1644392665.455262899 INFO /turtlebot3_core [SerialClient.py:578(SerialClient.setupPublisher)] [topics: /firmware_version, /rosout, /joint_states, /motor_power, /imu, /tf, /cmd_vel_rc100, /sound, /odom, /reset, /diagnostics, /cmd_vel, /sensor_state, /magnetic_field] Setup publisher on imu [sensor_msgs/Imu]
1644392665.470077037 INFO /turtlebot3_core [SerialClient.py:578(SerialClient.setupPublisher)] [topics: /firmware_version, /rosout, /joint_states, /motor_power, /imu, /tf, /cmd_vel_rc100, /sound, /odom, /reset, /diagnostics, /cmd_vel, /sensor_state, /magnetic_field] Setup publisher on cmd_vel_rc100 [geometry_msgs/Twist]
1644392665.483452081 INFO /turtlebot3_core [SerialClient.py:578(SerialClient.setupPublisher)] [topics: /firmware_version, /rosout, /joint_states, /motor_power, /imu, /tf, /cmd_vel_rc100, /sound, /odom, /reset, /diagnostics, /cmd_vel, /sensor_state, /magnetic_field] Setup publisher on odom [nav_msgs/Odometry]
1644392665.500137090 INFO /turtlebot3_core [SerialClient.py:578(SerialClient.setupPublisher)] [topics: /firmware_version, /rosout, /joint_states, /motor_power, /imu, /tf, /cmd_vel_rc100, /sound, /odom, /reset, /diagnostics, /cmd_vel, /sensor_state, /magnetic_field] Setup publisher on joint_states [sensor_msgs/JointState]
1644392665.515671014 ERROR /turtlebot3_core [SerialClient.py:580(SerialClient.setupPublisher)] [topics: /firmware_version, /rosout, /joint_states, /motor_power, /imu, /tf, /cmd_vel_rc100, /sound, /odom, /reset, /diagnostics, /cmd_vel, /sensor_state, /magnetic_field] Creation of publisher failed: Checksum does not match: 476f837fa6771f6e16e3bf4ef96f8770,4ddae7f048e32fda22cac764685e3974
1644392665.532887935 INFO /turtlebot3_core [SerialClient.py:578(SerialClient.setupPublisher)] [topics: /firmware_version, /rosout, /joint_states, /motor_power, /imu, /tf, /cmd_vel_rc100, /sound, /odom, /reset, /diagnostics, /cmd_vel, /sensor_state, /magnetic_field] Setup publisher on magnetic_field [sensor_msgs/MagneticField]
1644392665.549032926 INFO /turtlebot3_core [SerialClient.py:578(SerialClient.setupPublisher)] [topics: /firmware_version, /rosout, /joint_states, /motor_power, /imu, /tf, /cmd_vel_rc100, /sound, /odom, /reset, /diagnostics, /cmd_vel, /sensor_state, /magnetic_field] Setup publisher on /tf [tf/tfMessage]
1644392665.579085111 ERROR /turtlebot3_core [SerialClient.py:542(SerialClient.run)] [topics: /firmware_version, /rosout, /joint_states, /motor_power, /imu, /tf, /cmd_vel_rc100, /sound, /odom, /reset, /diagnostics, /cmd_vel, /sensor_state, /magnetic_field] Tried to publish before configured, topic id 131
1644392665.592294931 INFO /turtlebot3_core [SerialClient.py:404(SerialClient.requestTopics)] [topics: /firmware_version, /rosout, /joint_states, /motor_power, /imu, /tf, /cmd_vel_rc100, /sound, /odom, /reset, /diagnostics, /cmd_vel, /sensor_state, /magnetic_field] Requesting topics...
1644392665.687963008 ERROR /turtlebot3_core [SerialClient.py:542(SerialClient.run)] [topics: /firmware_version, /rosout, /joint_states, /motor_power, /imu, /tf, /cmd_vel_rc100, /sound, /odom, /reset, /diagnostics, /cmd_vel, /sensor_state, /magnetic_field] Tried to publish before configured, topic id 131
1644392665.700438022 INFO /turtlebot3_core [SerialClient.py:404(SerialClient.requestTopics)] [topics: /firmware_version, /rosout, /joint_states, /motor_power, /imu, /tf, /cmd_vel_rc100, /sound, /odom, /reset, /diagnostics, /cmd_vel, /sensor_state, /magnetic_field] Requesting topics...
1644392665.789509057 INFO /turtlebot3_core [SerialClient.py:578(SerialClient.setupPublisher)] [topics: /firmware_version, /rosout, /joint_states, /motor_power, /imu, /tf, /cmd_vel_rc100, /sound, /odom, /reset, /diagnostics, /cmd_vel, /sensor_state, /magnetic_field] Setup publisher on sensor_state [turtlebot3_msgs/SensorState]
1644392665.811395883 INFO /turtlebot3_core [SerialClient.py:578(SerialClient.setupPublisher)] [topics: /firmware_version, /rosout, /joint_states, /motor_power, /imu, /tf, /cmd_vel_rc100, /sound, /odom, /reset, /diagnostics, /cmd_vel, /sensor_state, /magnetic_field] Setup publisher on firmware_version [turtlebot3_msgs/VersionInfo]
1644392665.829797029 INFO /turtlebot3_core [SerialClient.py:578(SerialClient.setupPublisher)] [topics: /firmware_version, /rosout, /joint_states, /motor_power, /imu, /tf, /cmd_vel_rc100, /sound, /odom, /reset, /diagnostics, /cmd_vel, /sensor_state, /magnetic_field] Setup publisher on imu [sensor_msgs/Imu]
1644392665.845849990 INFO /turtlebot3_core [SerialClient.py:578(SerialClient.setupPublisher)] [topics: /firmware_version, /rosout, /joint_states, /motor_power, /imu, /tf, /cmd_vel_rc100, /sound, /odom, /reset, /diagnostics, /cmd_vel, /sensor_state, /magnetic_field] Setup publisher on cmd_vel_rc100 [geometry_msgs/Twist]
1644392665.860908985 INFO /turtlebot3_core [SerialClient.py:578(SerialClient.setupPublisher)] [topics: /firmware_version, /rosout, /joint_states, /motor_power, /imu, /tf, /cmd_vel_rc100, /sound, /odom, /reset, /diagnostics, /cmd_vel, /sensor_state, /magnetic_field] Setup publisher on odom [nav_msgs/Odometry]
1644392665.875401020 INFO /turtlebot3_core [SerialClient.py:578(SerialClient.setupPublisher)] [topics: /firmware_version, /rosout, /joint_states, /motor_power, /imu, /tf, /cmd_vel_rc100, /sound, /odom, /reset, /diagnostics, /cmd_vel, /sensor_state, /magnetic_field] Setup publisher on joint_states [sensor_msgs/JointState]
1644392665.886094093 ERROR /turtlebot3_core [SerialClient.py:580(SerialClient.setupPublisher)] [topics: /firmware_version, /rosout, /joint_states, /motor_power, /imu, /tf, /cmd_vel_rc100, /sound, /odom, /reset, /diagnostics, /cmd_vel, /sensor_state, /magnetic_field] Creation of publisher failed: Checksum does not match: 476f837fa6771f6e16e3bf4ef96f8770,4ddae7f048e32fda22cac764685e3974
1644392665.898298978 INFO /turtlebot3_core [SerialClient.py:578(SerialClient.setupPublisher)] [topics: /firmware_version, /rosout, /joint_states, /motor_power, /imu, /tf, /cmd_vel_rc100, /sound, /odom, /reset, /diagnostics, /cmd_vel, /sensor_state, /magnetic_field] Setup publisher on magnetic_field [sensor_msgs/MagneticField]
1644392665.913147926 INFO /turtlebot3_core [SerialClient.py:578(SerialClient.setupPublisher)] [topics: /firmware_version, /rosout, /joint_states, /motor_power, /imu, /tf, /cmd_vel_rc100, /sound, /odom, /reset, /diagnostics, /cmd_vel, /sensor_state, /magnetic_field] Setup publisher on /tf [tf/tfMessage]
1644392665.941497087 ERROR /turtlebot3_core [SerialClient.py:542(SerialClient.run)] [topics: /firmware_version, /rosout, /joint_states, /motor_power, /imu, /tf, /cmd_vel_rc100, /sound, /odom, /reset, /diagnostics, /cmd_vel, /sensor_state, /magnetic_field] Tried to publish before configured, topic id 131
1644392665.950093984 INFO /turtlebot3_core [SerialClient.py:404(SerialClient.requestTopics)] [topics: /firmware_version, /rosout, /joint_states, /motor_power, /imu, /tf, /cmd_vel_rc100, /sound, /odom, /reset, /diagnostics, /cmd_vel, /sensor_state, /magnetic_field] Requesting topics...
1644392666.014400005 ERROR /turtlebot3_core [SerialClient.py:542(SerialClient.run)] [topics: /firmware_version, /rosout, /joint_states, /motor_power, /imu, /tf, /cmd_vel_rc100, /sound, /odom, /reset, /diagnostics, /cmd_vel, /sensor_state, /magnetic_field] Tried to publish before configured, topic id 131
1644392666.031263113 INFO /turtlebot3_core [SerialClient.py:404(SerialClient.requestTopics)] [topics: /firmware_version, /rosout, /joint_states, /motor_power, /imu, /tf, /cmd_vel_rc100, /sound, /odom, /reset, /diagnostics, /cmd_vel, /sensor_state, /magnetic_field] Requesting topics...
1644392666.111452102 ERROR /turtlebot3_core [SerialClient.py:542(SerialClient.run)] [topics: /firmware_version, /rosout, /joint_states, /motor_power, /imu, /tf, /cmd_vel_rc100, /sound, /odom, /reset, /diagnostics, /cmd_vel, /sensor_state, /magnetic_field] Tried to publish before configured, topic id 131
1644392666.123430967 INFO /turtlebot3_core [SerialClient.py:404(SerialClient.requestTopics)] [topics: /firmware_version, /rosout, /joint_states, /motor_power, /imu, /tf, /cmd_vel_rc100, /sound, /odom, /reset, /diagnostics, /cmd_vel, /sensor_state, /magnetic_field] Requesting topics...
1644392666.170386075 ERROR /turtlebot3_core [SerialClient.py:542(SerialClient.run)] [topics: /firmware_version, /rosout, /joint_states, /motor_power, /imu, /tf, /cmd_vel_rc100, /sound, /odom, /reset, /diagnostics, /cmd_vel, /sensor_state, /magnetic_field] Tried to publish before configured, topic id 131
1644392666.180749893 INFO /turtlebot3_core [SerialClient.py:404(SerialClient.requestTopics)] [topics: /firmware_version, /rosout, /joint_states, /motor_power, /imu, /tf, /cmd_vel_rc100, /sound, /odom, /reset, /diagnostics, /cmd_vel, /sensor_state, /magnetic_field] Requesting topics...
1644392666.239300012 ERROR /turtlebot3_core [SerialClient.py:542(SerialClient.run)] [topics: /firmware_version, /rosout, /joint_states, /motor_power, /imu, /tf, /cmd_vel_rc100, /sound, /odom, /reset, /diagnostics, /cmd_vel, /sensor_state, /magnetic_field] Tried to publish before configured, topic id 131
1644392666.262793064 INFO /turtlebot3_core [SerialClient.py:404(SerialClient.requestTopics)] [topics: /firmware_version, /rosout, /joint_states, /motor_power, /imu, /tf, /cmd_vel_rc100, /sound, /odom, /reset, /diagnostics, /cmd_vel, /sensor_state, /magnetic_field] Requesting topics...
1644392666.329834938 ERROR /turtlebot3_core [SerialClient.py:542(SerialClient.run)] [topics: /firmware_version, /rosout, /joint_states, /motor_power, /imu, /tf, /cmd_vel_rc100, /sound, /odom, /reset, /diagnostics, /cmd_vel, /sensor_state, /magnetic_field] Tried to publish before configured, topic id 131
1644392666.346688985 INFO /turtlebot3_core [SerialClient.py:404(SerialClient.requestTopics)] [topics: /firmware_version, /rosout, /joint_states, /motor_power, /imu, /tf, /cmd_vel_rc100, /sound, /odom, /reset, /diagnostics, /cmd_vel, /sensor_state, /magnetic_field] Requesting topics...
1644392666.453480958 ERROR /turtlebot3_core [SerialClient.py:542(SerialClient.run)] [topics: /firmware_version, /rosout, /joint_states, /motor_power, /imu, /tf, /cmd_vel_rc100, /sound, /odom, /reset, /diagnostics, /cmd_vel, /sensor_state, /magnetic_field] Tried to publish before configured, topic id 131
1644392666.469363927 INFO /turtlebot3_core [SerialClient.py:404(SerialClient.requestTopics)] [topics: /firmware_version, /rosout, /joint_states, /motor_power, /imu, /tf, /cmd_vel_rc100, /sound, /odom, /reset, /diagnostics, /cmd_vel, /sensor_state, /magnetic_field] Requesting topics...
1644392666.494366884 ERROR /turtlebot3_core [SerialClient.py:580(SerialClient.setupPublisher)] [topics: /firmware_version, /rosout, /joint_states, /motor_power, /imu, /tf, /cmd_vel_rc100, /sound, /odom, /reset, /diagnostics, /cmd_vel, /sensor_state, /magnetic_field] Creation of publisher failed: Checksum does not match: 476f837fa6771f6e16e3bf4ef96f8770,4ddae7f048e32fda22cac764685e3974
1644392666.507410049 INFO /turtlebot3_core [SerialClient.py:578(SerialClient.setupPublisher)] [topics: /firmware_version, /rosout, /joint_states, /motor_power, /imu, /tf, /cmd_vel_rc100, /sound, /odom, /reset, /diagnostics, /cmd_vel, /sensor_state, /magnetic_field] Setup publisher on magnetic_field [sensor_msgs/MagneticField]
1644392666.524029970 INFO /turtlebot3_core [SerialClient.py:578(SerialClient.setupPublisher)] [topics: /firmware_version, /rosout, /joint_states, /motor_power, /imu, /tf, /cmd_vel_rc100, /sound, /odom, /reset, /diagnostics, /cmd_vel, /sensor_state, /magnetic_field] Setup publisher on /tf [tf/tfMessage]
1644392666.574213981 ERROR /turtlebot3_core [SerialClient.py:542(SerialClient.run)] [topics: /firmware_version, /rosout, /joint_states, /motor_power, /imu, /tf, /cmd_vel_rc100, /sound, /odom, /reset, /diagnostics, /cmd_vel, /sensor_state, /magnetic_field] Tried to publish before configured, topic id 131
1644392666.588289022 INFO /turtlebot3_core [SerialClient.py:404(SerialClient.requestTopics)] [topics: /firmware_version, /rosout, /joint_states, /motor_power, /imu, /tf, /cmd_vel_rc100, /sound, /odom, /reset, /diagnostics, /cmd_vel, /sensor_state, /magnetic_field] Requesting topics...
1644392666.781974077 ERROR /turtlebot3_core [SerialClient.py:542(SerialClient.run)] [topics: /firmware_version, /rosout, /joint_states, /motor_power, /imu, /tf, /cmd_vel_rc100, /sound, /odom, /reset, /diagnostics, /cmd_vel, /sensor_state, /magnetic_field] Tried to publish before configured, topic id 131
1644392666.795918941 INFO /turtlebot3_core [SerialClient.py:404(SerialClient.requestTopics)] [topics: /firmware_version, /rosout, /joint_states, /motor_power, /imu, /tf, /cmd_vel_rc100, /sound, /odom, /reset, /diagnostics, /cmd_vel, /sensor_state, /magnetic_field] Requesting topics...
1644392666.863447904 ERROR /turtlebot3_core [SerialClient.py:542(SerialClient.run)] [topics: /firmware_version, /rosout, /joint_states, /motor_power, /imu, /tf, /cmd_vel_rc100, /sound, /odom, /reset, /diagnostics, /cmd_vel, /sensor_state, /magnetic_field] Tried to publish before configured, topic id 131
1644392666.881043910 INFO /turtlebot3_core [SerialClient.py:404(SerialClient.requestTopics)] [topics: /firmware_version, /rosout, /joint_states, /motor_power, /imu, /tf, /cmd_vel_rc100, /sound, /odom, /reset, /diagnostics, /cmd_vel, /sensor_state, /magnetic_field] Requesting topics...
1644392666.988233089 ERROR /turtlebot3_core [SerialClient.py:542(SerialClient.run)] [topics: /firmware_version, /rosout, /joint_states, /motor_power, /imu, /tf, /cmd_vel_rc100, /sound, /odom, /reset, /diagnostics, /cmd_vel, /sensor_state, /magnetic_field] Tried to publish before configured, topic id 131
1644392667.000886917 INFO /turtlebot3_core [SerialClient.py:404(SerialClient.requestTopics)] [topics: /firmware_version, /rosout, /joint_states, /motor_power, /imu, /tf, /cmd_vel_rc100, /sound, /odom, /reset, /diagnostics, /cmd_vel, /sensor_state, /magnetic_field] Requesting topics...
1644392667.021348953 ERROR /turtlebot3_core [SerialClient.py:490(SerialClient.run)] [topics: /firmware_version, /rosout, /joint_states, /motor_power, /imu, /tf, /cmd_vel_rc100, /sound, /odom, /reset, /diagnostics, /cmd_vel, /sensor_state, /magnetic_field] Mismatched protocol version in packet ('\xff'): lost sync or rosserial_python is from different ros release than the rosserial client
1644392667.034503936 INFO /turtlebot3_core [SerialClient.py:496(SerialClient.run)] [topics: /firmware_version, /rosout, /joint_states, /motor_power, /imu, /tf, /cmd_vel_rc100, /sound, /odom, /reset, /diagnostics, /cmd_vel, /sensor_state, /magnetic_field] Protocol version of client is Rev 0 (rosserial 0.4 and earlier), expected Rev 1 (rosserial 0.5+)
1644392667.075779914 INFO /turtlebot3_core [SerialClient.py:578(SerialClient.setupPublisher)] [topics: /firmware_version, /rosout, /joint_states, /motor_power, /imu, /tf, /cmd_vel_rc100, /sound, /odom, /reset, /diagnostics, /cmd_vel, /sensor_state, /magnetic_field] Setup publisher on /tf [tf/tfMessage]
1644392667.143838882 INFO /turtlebot3_core [SerialClient.py:578(SerialClient.setupPublisher)] [topics: /firmware_version, /rosout, /joint_states, /motor_power, /imu, /tf, /cmd_vel_rc100, /sound, /odom, /reset, /diagnostics, /cmd_vel, /sensor_state, /magnetic_field] Setup publisher on sensor_state [turtlebot3_msgs/SensorState]
1644392667.165232896 INFO /turtlebot3_core [SerialClient.py:578(SerialClient.setupPublisher)] [topics: /firmware_version, /rosout, /joint_states, /motor_power, /imu, /tf, /cmd_vel_rc100, /sound, /odom, /reset, /diagnostics, /cmd_vel, /sensor_state, /magnetic_field] Setup publisher on firmware_version [turtlebot3_msgs/VersionInfo]
1644392667.191658020 INFO /turtlebot3_core [SerialClient.py:578(SerialClient.setupPublisher)] [topics: /firmware_version, /rosout, /joint_states, /motor_power, /imu, /tf, /cmd_vel_rc100, /sound, /odom, /reset, /diagnostics, /cmd_vel, /sensor_state, /magnetic_field] Setup publisher on imu [sensor_msgs/Imu]
1644392667.207209110 INFO /turtlebot3_core [SerialClient.py:578(SerialClient.setupPublisher)] [topics: /firmware_version, /rosout, /joint_states, /motor_power, /imu, /tf, /cmd_vel_rc100, /sound, /odom, /reset, /diagnostics, /cmd_vel, /sensor_state, /magnetic_field] Setup publisher on cmd_vel_rc100 [geometry_msgs/Twist]
1644392667.218239068 INFO /turtlebot3_core [SerialClient.py:578(SerialClient.setupPublisher)] [topics: /firmware_version, /rosout, /joint_states, /motor_power, /imu, /tf, /cmd_vel_rc100, /sound, /odom, /reset, /diagnostics, /cmd_vel, /sensor_state, /magnetic_field] Setup publisher on odom [nav_msgs/Odometry]
1644392667.234237909 INFO /turtlebot3_core [SerialClient.py:578(SerialClient.setupPublisher)] [topics: /firmware_version, /rosout, /joint_states, /motor_power, /imu, /tf, /cmd_vel_rc100, /sound, /odom, /reset, /diagnostics, /cmd_vel, /sensor_state, /magnetic_field] Setup publisher on joint_states [sensor_msgs/JointState]
1644392667.247503042 ERROR /turtlebot3_core [SerialClient.py:580(SerialClient.setupPublisher)] [topics: /firmware_version, /rosout, /joint_states, /motor_power, /imu, /tf, /cmd_vel_rc100, /sound, /odom, /reset, /diagnostics, /cmd_vel, /sensor_state, /magnetic_field] Creation of publisher failed: Checksum does not match: 476f837fa6771f6e16e3bf4ef96f8770,4ddae7f048e32fda22cac764685e3974
1644392667.262819051 INFO /turtlebot3_core [SerialClient.py:578(SerialClient.setupPublisher)] [topics: /firmware_version, /rosout, /joint_states, /motor_power, /imu, /tf, /cmd_vel_rc100, /sound, /odom, /reset, /diagnostics, /cmd_vel, /sensor_state, /magnetic_field] Setup publisher on magnetic_field [sensor_msgs/MagneticField]
1644392667.274561882 INFO /turtlebot3_core [SerialClient.py:578(SerialClient.setupPublisher)] [topics: /firmware_version, /rosout, /joint_states, /motor_power, /imu, /tf, /cmd_vel_rc100, /sound, /odom, /reset, /diagnostics, /cmd_vel, /sensor_state, /magnetic_field] Setup publisher on /tf [tf/tfMessage]
1644392667.305200099 ERROR /turtlebot3_core [SerialClient.py:542(SerialClient.run)] [topics: /firmware_version, /rosout, /joint_states, /motor_power, /imu, /tf, /cmd_vel_rc100, /sound, /odom, /reset, /diagnostics, /cmd_vel, /sensor_state, /magnetic_field] Tried to publish before configured, topic id 131
1644392667.317562103 INFO /turtlebot3_core [SerialClient.py:404(SerialClient.requestTopics)] [topics: /firmware_version, /rosout, /joint_states, /motor_power, /imu, /tf, /cmd_vel_rc100, /sound, /odom, /reset, /diagnostics, /cmd_vel, /sensor_state, /magnetic_field] Requesting topics...
1644392667.424654960 ERROR /turtlebot3_core [SerialClient.py:542(SerialClient.run)] [topics: /firmware_version, /rosout, /joint_states, /motor_power, /imu, /tf, /cmd_vel_rc100, /sound, /odom, /reset, /diagnostics, /cmd_vel, /sensor_state, /magnetic_field] Tried to publish before configured, topic id 131
1644392667.440263032 INFO /turtlebot3_core [SerialClient.py:404(SerialClient.requestTopics)] [topics: /firmware_version, /rosout, /joint_states, /motor_power, /imu, /tf, /cmd_vel_rc100, /sound, /odom, /reset, /diagnostics, /cmd_vel, /sensor_state, /magnetic_field] Requesting topics...
1644392667.505008935 ERROR /turtlebot3_core [SerialClient.py:542(SerialClient.run)] [topics: /firmware_version, /rosout, /joint_states, /motor_power, /imu, /tf, /cmd_vel_rc100, /sound, /odom, /reset, /diagnostics, /cmd_vel, /sensor_state, /magnetic_field] Tried to publish before configured, topic id 131
1644392667.515614032 INFO /turtlebot3_core [SerialClient.py:404(SerialClient.requestTopics)] [topics: /firmware_version, /rosout, /joint_states, /motor_power, /imu, /tf, /cmd_vel_rc100, /sound, /odom, /reset, /diagnostics, /cmd_vel, /sensor_state, /magnetic_field] Requesting topics...
1644392667.536895990 INFO /turtlebot3_core [SerialClient.py:578(SerialClient.setupPublisher)] [topics: /firmware_version, /rosout, /joint_states, /motor_power, /imu, /tf, /cmd_vel_rc100, /sound, /odom, /reset, /diagnostics, /cmd_vel, /sensor_state, /magnetic_field] Setup publisher on cmd_vel_rc100 [geometry_msgs/Twist]
1644392667.551059007 INFO /turtlebot3_core [SerialClient.py:578(SerialClient.setupPublisher)] [topics: /firmware_version, /rosout, /joint_states, /motor_power, /imu, /tf, /cmd_vel_rc100, /sound, /odom, /reset, /diagnostics, /cmd_vel, /sensor_state, /magnetic_field] Setup publisher on odom [nav_msgs/Odometry]
1644392667.564939022 INFO /turtlebot3_core [SerialClient.py:578(SerialClient.setupPublisher)] [topics: /firmware_version, /rosout, /joint_states, /motor_power, /imu, /tf, /cmd_vel_rc100, /sound, /odom, /reset, /diagnostics, /cmd_vel, /sensor_state, /magnetic_field] Setup publisher on joint_states [sensor_msgs/JointState]
1644392667.575539112 ERROR /turtlebot3_core [SerialClient.py:580(SerialClient.setupPublisher)] [topics: /firmware_version, /rosout, /joint_states, /motor_power, /imu, /tf, /cmd_vel_rc100, /sound, /odom, /reset, /diagnostics, /cmd_vel, /sensor_state, /magnetic_field] Creation of publisher failed: Checksum does not match: 476f837fa6771f6e16e3bf4ef96f8770,4ddae7f048e32fda22cac764685e3974
1644392667.587402105 INFO /turtlebot3_core [SerialClient.py:578(SerialClient.setupPublisher)] [topics: /firmware_version, /rosout, /joint_states, /motor_power, /imu, /tf, /cmd_vel_rc100, /sound, /odom, /reset, /diagnostics, /cmd_vel, /sensor_state, /magnetic_field] Setup publisher on magnetic_field [sensor_msgs/MagneticField]
1644392667.608386039 INFO /turtlebot3_core [SerialClient.py:578(SerialClient.setupPublisher)] [topics: /firmware_version, /rosout, /joint_states, /motor_power, /imu, /tf, /cmd_vel_rc100, /sound, /odom, /reset, /diagnostics, /cmd_vel, /sensor_state, /magnetic_field] Setup publisher on /tf [tf/tfMessage]
1644392667.658932924 ERROR /turtlebot3_core [SerialClient.py:542(SerialClient.run)] [topics: /firmware_version, /rosout, /joint_states, /motor_power, /imu, /tf, /cmd_vel_rc100, /sound, /odom, /reset, /diagnostics, /cmd_vel, /sensor_state, /magnetic_field] Tried to publish before configured, topic id 131
1644392667.670721054 INFO /turtlebot3_core [SerialClient.py:404(SerialClient.requestTopics)] [topics: /firmware_version, /rosout, /joint_states, /motor_power, /imu, /tf, /cmd_vel_rc100, /sound, /odom, /reset, /diagnostics, /cmd_vel, /sensor_state, /magnetic_field] Requesting topics...
1644392667.705720901 INFO /turtlebot3_core [SerialClient.py:578(SerialClient.setupPublisher)] [topics: /firmware_version, /rosout, /joint_states, /motor_power, /imu, /tf, /cmd_vel_rc100, /sound, /odom, /reset, /diagnostics, /cmd_vel, /sensor_state, /magnetic_field] Setup publisher on imu [sensor_msgs/Imu]
1644392667.722997903 INFO /turtlebot3_core [SerialClient.py:578(SerialClient.setupPublisher)] [topics: /firmware_version, /rosout, /joint_states, /motor_power, /imu, /tf, /cmd_vel_rc100, /sound, /odom, /reset, /diagnostics, /cmd_vel, /sensor_state, /magnetic_field] Setup publisher on cmd_vel_rc100 [geometry_msgs/Twist]
1644392667.740326881 INFO /turtlebot3_core [SerialClient.py:578(SerialClient.setupPublisher)] [topics: /firmware_version, /rosout, /joint_states, /motor_power, /imu, /tf, /cmd_vel_rc100, /sound, /odom, /reset, /diagnostics, /cmd_vel, /sensor_state, /magnetic_field] Setup publisher on odom [nav_msgs/Odometry]
1644392667.757828950 INFO /turtlebot3_core [SerialClient.py:578(SerialClient.setupPublisher)] [topics: /firmware_version, /rosout, /joint_states, /motor_power, /imu, /tf, /cmd_vel_rc100, /sound, /odom, /reset, /diagnostics, /cmd_vel, /sensor_state, /magnetic_field] Setup publisher on joint_states [sensor_msgs/JointState]
1644392667.776802062 ERROR /turtlebot3_core [SerialClient.py:580(SerialClient.setupPublisher)] [topics: /firmware_version, /rosout, /joint_states, /motor_power, /imu, /tf, /cmd_vel_rc100, /sound, /odom, /reset, /diagnostics, /cmd_vel, /sensor_state, /magnetic_field] Creation of publisher failed: Checksum does not match: 476f837fa6771f6e16e3bf4ef96f8770,4ddae7f048e32fda22cac764685e3974
1644392667.791306018 INFO /turtlebot3_core [SerialClient.py:578(SerialClient.setupPublisher)] [topics: /firmware_version, /rosout, /joint_states, /motor_power, /imu, /tf, /cmd_vel_rc100, /sound, /odom, /reset, /diagnostics, /cmd_vel, /sensor_state, /magnetic_field] Setup publisher on magnetic_field [sensor_msgs/MagneticField]
1644392667.804049968 INFO /turtlebot3_core [SerialClient.py:578(SerialClient.setupPublisher)] [topics: /firmware_version, /rosout, /joint_states, /motor_power, /imu, /tf, /cmd_vel_rc100, /sound, /odom, /reset, /diagnostics, /cmd_vel, /sensor_state, /magnetic_field] Setup publisher on /tf [tf/tfMessage]
1644392667.846810102 ERROR /turtlebot3_core [SerialClient.py:542(SerialClient.run)] [topics: /firmware_version, /rosout, /joint_states, /motor_power, /imu, /tf, /cmd_vel_rc100, /sound, /odom, /reset, /diagnostics, /cmd_vel, /sensor_state, /magnetic_field] Tried to publish before configured, topic id 131
1644392667.861489057 INFO /turtlebot3_core [SerialClient.py:404(SerialClient.requestTopics)] [topics: /firmware_version, /rosout, /joint_states, /motor_power, /imu, /tf, /cmd_vel_rc100, /sound, /odom, /reset, /diagnostics, /cmd_vel, /sensor_state, /magnetic_field] Requesting topics...
1644392667.883641004 INFO /turtlebot3_core [SerialClient.py:578(SerialClient.setupPublisher)] [topics: /firmware_version, /rosout, /joint_states, /motor_power, /imu, /tf, /cmd_vel_rc100, /sound, /odom, /reset, /diagnostics, /cmd_vel, /sensor_state, /magnetic_field] Setup publisher on /tf [tf/tfMessage]
1644392667.934947013 ERROR /turtlebot3_core [SerialClient.py:542(SerialClient.run)] [topics: /firmware_version, /rosout, /joint_states, /motor_power, /imu, /tf, /cmd_vel_rc100, /sound, /odom, /reset, /diagnostics, /cmd_vel, /sensor_state, /magnetic_field] Tried to publish before configured, topic id 131
1644392667.948606014 INFO /turtlebot3_core [SerialClient.py:404(SerialClient.requestTopics)] [topics: /firmware_version, /rosout, /joint_states, /motor_power, /imu, /tf, /cmd_vel_rc100, /sound, /odom, /reset, /diagnostics, /cmd_vel, /sensor_state, /magnetic_field] Requesting topics...
1644392668.013283014 ERROR /turtlebot3_core [SerialClient.py:542(SerialClient.run)] [topics: /firmware_version, /rosout, /joint_states, /motor_power, /imu, /tf, /cmd_vel_rc100, /sound, /odom, /reset, /diagnostics, /cmd_vel, /sensor_state, /magnetic_field] Tried to publish before configured, topic id 131
1644392668.023854017 INFO /turtlebot3_core [SerialClient.py:404(SerialClient.requestTopics)] [topics: /firmware_version, /rosout, /joint_states, /motor_power, /imu, /tf, /cmd_vel_rc100, /sound, /odom, /reset, /diagnostics, /cmd_vel, /sensor_state, /magnetic_field] Requesting topics...
1644392668.079272031 ERROR /turtlebot3_core [SerialClient.py:542(SerialClient.run)] [topics: /firmware_version, /rosout, /joint_states, /motor_power, /imu, /tf, /cmd_vel_rc100, /sound, /odom, /reset, /diagnostics, /cmd_vel, /sensor_state, /magnetic_field] Tried to publish before configured, topic id 131
1644392668.089740991 INFO /turtlebot3_core [SerialClient.py:404(SerialClient.requestTopics)] [topics: /firmware_version, /rosout, /joint_states, /motor_power, /imu, /tf, /cmd_vel_rc100, /sound, /odom, /reset, /diagnostics, /cmd_vel, /sensor_state, /magnetic_field] Requesting topics...
1644392668.166255950 INFO /turtlebot3_core [SerialClient.py:578(SerialClient.setupPublisher)] [topics: /firmware_version, /rosout, /joint_states, /motor_power, /imu, /tf, /cmd_vel_rc100, /sound, /odom, /reset, /diagnostics, /cmd_vel, /sensor_state, /magnetic_field] Setup publisher on sensor_state [turtlebot3_msgs/SensorState]
1644392668.181149005 INFO /turtlebot3_core [SerialClient.py:578(SerialClient.setupPublisher)] [topics: /firmware_version, /rosout, /joint_states, /motor_power, /imu, /tf, /cmd_vel_rc100, /sound, /odom, /reset, /diagnostics, /cmd_vel, /sensor_state, /magnetic_field] Setup publisher on firmware_version [turtlebot3_msgs/VersionInfo]
1644392668.194773912 INFO /turtlebot3_core [SerialClient.py:578(SerialClient.setupPublisher)] [topics: /firmware_version, /rosout, /joint_states, /motor_power, /imu, /tf, /cmd_vel_rc100, /sound, /odom, /reset, /diagnostics, /cmd_vel, /sensor_state, /magnetic_field] Setup publisher on imu [sensor_msgs/Imu]
1644392668.212609052 INFO /turtlebot3_core [SerialClient.py:578(SerialClient.setupPublisher)] [topics: /firmware_version, /rosout, /joint_states, /motor_power, /imu, /tf, /cmd_vel_rc100, /sound, /odom, /reset, /diagnostics, /cmd_vel, /sensor_state, /magnetic_field] Setup publisher on cmd_vel_rc100 [geometry_msgs/Twist]
1644392668.227355957 INFO /turtlebot3_core [SerialClient.py:578(SerialClient.setupPublisher)] [topics: /firmware_version, /rosout, /joint_states, /motor_power, /imu, /tf, /cmd_vel_rc100, /sound, /odom, /reset, /diagnostics, /cmd_vel, /sensor_state, /magnetic_field] Setup publisher on odom [nav_msgs/Odometry]
1644392668.245767116 INFO /turtlebot3_core [SerialClient.py:578(SerialClient.setupPublisher)] [topics: /firmware_version, /rosout, /joint_states, /motor_power, /imu, /tf, /cmd_vel_rc100, /sound, /odom, /reset, /diagnostics, /cmd_vel, /sensor_state, /magnetic_field] Setup publisher on joint_states [sensor_msgs/JointState]
1644392668.261511087 ERROR /turtlebot3_core [SerialClient.py:580(SerialClient.setupPublisher)] [topics: /firmware_version, /rosout, /joint_states, /motor_power, /imu, /tf, /cmd_vel_rc100, /sound, /odom, /reset, /diagnostics, /cmd_vel, /sensor_state, /magnetic_field] Creation of publisher failed: Checksum does not match: 476f837fa6771f6e16e3bf4ef96f8770,4ddae7f048e32fda22cac764685e3974
1644392668.274580955 INFO /turtlebot3_core [SerialClient.py:578(SerialClient.setupPublisher)] [topics: /firmware_version, /rosout, /joint_states, /motor_power, /imu, /tf, /cmd_vel_rc100, /sound, /odom, /reset, /diagnostics, /cmd_vel, /sensor_state, /magnetic_field] Setup publisher on magnetic_field [sensor_msgs/MagneticField]
1644392668.289159059 INFO /turtlebot3_core [SerialClient.py:578(SerialClient.setupPublisher)] [topics: /firmware_version, /rosout, /joint_states, /motor_power, /imu, /tf, /cmd_vel_rc100, /sound, /odom, /reset, /diagnostics, /cmd_vel, /sensor_state, /magnetic_field] Setup publisher on /tf [tf/tfMessage]
1644392668.318054914 ERROR /turtlebot3_core [SerialClient.py:542(SerialClient.run)] [topics: /firmware_version, /rosout, /joint_states, /motor_power, /imu, /tf, /cmd_vel_rc100, /sound, /odom, /reset, /diagnostics, /cmd_vel, /sensor_state, /magnetic_field] Tried to publish before configured, topic id 131
1644392668.328263998 INFO /turtlebot3_core [SerialClient.py:404(SerialClient.requestTopics)] [topics: /firmware_version, /rosout, /joint_states, /motor_power, /imu, /tf, /cmd_vel_rc100, /sound, /odom, /reset, /diagnostics, /cmd_vel, /sensor_state, /magnetic_field] Requesting topics...
1644392668.391967058 ERROR /turtlebot3_core [SerialClient.py:542(SerialClient.run)] [topics: /firmware_version, /rosout, /joint_states, /motor_power, /imu, /tf, /cmd_vel_rc100, /sound, /odom, /reset, /diagnostics, /cmd_vel, /sensor_state, /magnetic_field] Tried to publish before configured, topic id 131
1644392668.413070917 INFO /turtlebot3_core [SerialClient.py:404(SerialClient.requestTopics)] [topics: /firmware_version, /rosout, /joint_states, /motor_power, /imu, /tf, /cmd_vel_rc100, /sound, /odom, /reset, /diagnostics, /cmd_vel, /sensor_state, /magnetic_field] Requesting topics...
1644392668.490053892 ERROR /turtlebot3_core [SerialClient.py:542(SerialClient.run)] [topics: /firmware_version, /rosout, /joint_states, /motor_power, /imu, /tf, /cmd_vel_rc100, /sound, /odom, /reset, /diagnostics, /cmd_vel, /sensor_state, /magnetic_field] Tried to publish before configured, topic id 131
1644392668.506361007 INFO /turtlebot3_core [SerialClient.py:404(SerialClient.requestTopics)] [topics: /firmware_version, /rosout, /joint_states, /motor_power, /imu, /tf, /cmd_vel_rc100, /sound, /odom, /reset, /diagnostics, /cmd_vel, /sensor_state, /magnetic_field] Requesting topics...
1644392668.592822074 ERROR /turtlebot3_core [SerialClient.py:542(SerialClient.run)] [topics: /firmware_version, /rosout, /joint_states, /motor_power, /imu, /tf, /cmd_vel_rc100, /sound, /odom, /reset, /diagnostics, /cmd_vel, /sensor_state, /magnetic_field] Tried to publish before configured, topic id 131
1644392668.605321884 INFO /turtlebot3_core [SerialClient.py:404(SerialClient.requestTopics)] [topics: /firmware_version, /rosout, /joint_states, /motor_power, /imu, /tf, /cmd_vel_rc100, /sound, /odom, /reset, /diagnostics, /cmd_vel, /sensor_state, /magnetic_field] Requesting topics...
1644392668.679317951 ERROR /turtlebot3_core [SerialClient.py:542(SerialClient.run)] [topics: /firmware_version, /rosout, /joint_states, /motor_power, /imu, /tf, /cmd_vel_rc100, /sound, /odom, /reset, /diagnostics, /cmd_vel, /sensor_state, /magnetic_field] Tried to publish before configured, topic id 131
1644392668.697896957 INFO /turtlebot3_core [SerialClient.py:404(SerialClient.requestTopics)] [topics: /firmware_version, /rosout, /joint_states, /motor_power, /imu, /tf, /cmd_vel_rc100, /sound, /odom, /reset, /diagnostics, /cmd_vel, /sensor_state, /magnetic_field] Requesting topics...
1644392668.812206983 ERROR /turtlebot3_core [SerialClient.py:542(SerialClient.run)] [topics: /firmware_version, /rosout, /joint_states, /motor_power, /imu, /tf, /cmd_vel_rc100, /sound, /odom, /reset, /diagnostics, /cmd_vel, /sensor_state, /magnetic_field] Tried to publish before configured, topic id 131
1644392668.884304046 INFO /turtlebot3_core [SerialClient.py:404(SerialClient.requestTopics)] [topics: /firmware_version, /rosout, /joint_states, /motor_power, /imu, /tf, /cmd_vel_rc100, /sound, /odom, /reset, /diagnostics, /cmd_vel, /sensor_state, /magnetic_field] Requesting topics...
1644392668.964768886 ERROR /turtlebot3_core [SerialClient.py:542(SerialClient.run)] [topics: /firmware_version, /rosout, /joint_states, /motor_power, /imu, /tf, /cmd_vel_rc100, /sound, /odom, /reset, /diagnostics, /cmd_vel, /sensor_state, /magnetic_field] Tried to publish before configured, topic id 131
1644392668.978612899 INFO /turtlebot3_core [SerialClient.py:404(SerialClient.requestTopics)] [topics: /firmware_version, /rosout, /joint_states, /motor_power, /imu, /tf, /cmd_vel_rc100, /sound, /odom, /reset, /diagnostics, /cmd_vel, /sensor_state, /magnetic_field] Requesting topics...
1644392669.016122102 INFO /turtlebot3_core [SerialClient.py:578(SerialClient.setupPublisher)] [topics: /firmware_version, /rosout, /joint_states, /motor_power, /imu, /tf, /cmd_vel_rc100, /sound, /odom, /reset, /diagnostics, /cmd_vel, /sensor_state, /magnetic_field] Setup publisher on sensor_state [turtlebot3_msgs/SensorState]
1644392669.047441005 INFO /turtlebot3_core [SerialClient.py:578(SerialClient.setupPublisher)] [topics: /firmware_version, /rosout, /joint_states, /motor_power, /imu, /tf, /cmd_vel_rc100, /sound, /odom, /reset, /diagnostics, /cmd_vel, /sensor_state, /magnetic_field] Setup publisher on firmware_version [turtlebot3_msgs/VersionInfo]
1644392669.065391063 INFO /turtlebot3_core [SerialClient.py:578(SerialClient.setupPublisher)] [topics: /firmware_version, /rosout, /joint_states, /motor_power, /imu, /tf, /cmd_vel_rc100, /sound, /odom, /reset, /diagnostics, /cmd_vel, /sensor_state, /magnetic_field] Setup publisher on imu [sensor_msgs/Imu]
1644392669.083926916 INFO /turtlebot3_core [SerialClient.py:578(SerialClient.setupPublisher)] [topics: /firmware_version, /rosout, /joint_states, /motor_power, /imu, /tf, /cmd_vel_rc100, /sound, /odom, /reset, /diagnostics, /cmd_vel, /sensor_state, /magnetic_field] Setup publisher on cmd_vel_rc100 [geometry_msgs/Twist]
1644392669.103843927 INFO /turtlebot3_core [SerialClient.py:578(SerialClient.setupPublisher)] [topics: /firmware_version, /rosout, /joint_states, /motor_power, /imu, /tf, /cmd_vel_rc100, /sound, /odom, /reset, /diagnostics, /cmd_vel, /sensor_state, /magnetic_field] Setup publisher on odom [nav_msgs/Odometry]
1644392669.120150089 INFO /turtlebot3_core [SerialClient.py:578(SerialClient.setupPublisher)] [topics: /firmware_version, /rosout, /joint_states, /motor_power, /imu, /tf, /cmd_vel_rc100, /sound, /odom, /reset, /diagnostics, /cmd_vel, /sensor_state, /magnetic_field] Setup publisher on joint_states [sensor_msgs/JointState]
1644392669.134650945 ERROR /turtlebot3_core [SerialClient.py:580(SerialClient.setupPublisher)] [topics: /firmware_version, /rosout, /joint_states, /motor_power, /imu, /tf, /cmd_vel_rc100, /sound, /odom, /reset, /diagnostics, /cmd_vel, /sensor_state, /magnetic_field] Creation of publisher failed: Checksum does not match: 476f837fa6771f6e16e3bf4ef96f8770,4ddae7f048e32fda22cac764685e3974
1644392669.151062011 INFO /turtlebot3_core [SerialClient.py:578(SerialClient.setupPublisher)] [topics: /firmware_version, /rosout, /joint_states, /motor_power, /imu, /tf, /cmd_vel_rc100, /sound, /odom, /reset, /diagnostics, /cmd_vel, /sensor_state, /magnetic_field] Setup publisher on magnetic_field [sensor_msgs/MagneticField]
1644392669.163747072 INFO /turtlebot3_core [SerialClient.py:578(SerialClient.setupPublisher)] [topics: /firmware_version, /rosout, /joint_states, /motor_power, /imu, /tf, /cmd_vel_rc100, /sound, /odom, /reset, /diagnostics, /cmd_vel, /sensor_state, /magnetic_field] Setup publisher on /tf [tf/tfMessage]
1644392669.230592012 ERROR /turtlebot3_core [SerialClient.py:542(SerialClient.run)] [topics: /firmware_version, /rosout, /joint_states, /motor_power, /imu, /tf, /cmd_vel_rc100, /sound, /odom, /reset, /diagnostics, /cmd_vel, /sensor_state, /magnetic_field] Tried to publish before configured, topic id 131
1644392669.247339963 INFO /turtlebot3_core [SerialClient.py:404(SerialClient.requestTopics)] [topics: /firmware_version, /rosout, /joint_states, /motor_power, /imu, /tf, /cmd_vel_rc100, /sound, /odom, /reset, /diagnostics, /cmd_vel, /sensor_state, /magnetic_field] Requesting topics...
1644392669.274758100 INFO /turtlebot3_core [SerialClient.py:578(SerialClient.setupPublisher)] [topics: /firmware_version, /rosout, /joint_states, /motor_power, /imu, /tf, /cmd_vel_rc100, /sound, /odom, /reset, /diagnostics, /cmd_vel, /sensor_state, /magnetic_field] Setup publisher on /tf [tf/tfMessage]
1644392669.344954013 ERROR /turtlebot3_core [SerialClient.py:542(SerialClient.run)] [topics: /firmware_version, /rosout, /joint_states, /motor_power, /imu, /tf, /cmd_vel_rc100, /sound, /odom, /reset, /diagnostics, /cmd_vel, /sensor_state, /magnetic_field] Tried to publish before configured, topic id 131
1644392669.359554052 INFO /turtlebot3_core [SerialClient.py:404(SerialClient.requestTopics)] [topics: /firmware_version, /rosout, /joint_states, /motor_power, /imu, /tf, /cmd_vel_rc100, /sound, /odom, /reset, /diagnostics, /cmd_vel, /sensor_state, /magnetic_field] Requesting topics...
1644392669.439304113 ERROR /turtlebot3_core [SerialClient.py:542(SerialClient.run)] [topics: /firmware_version, /rosout, /joint_states, /motor_power, /imu, /tf, /cmd_vel_rc100, /sound, /odom, /reset, /diagnostics, /cmd_vel, /sensor_state, /magnetic_field] Tried to publish before configured, topic id 131
1644392669.454122066 INFO /turtlebot3_core [SerialClient.py:404(SerialClient.requestTopics)] [topics: /firmware_version, /rosout, /joint_states, /motor_power, /imu, /tf, /cmd_vel_rc100, /sound, /odom, /reset, /diagnostics, /cmd_vel, /sensor_state, /magnetic_field] Requesting topics...
1644392669.552984952 ERROR /turtlebot3_core [SerialClient.py:542(SerialClient.run)] [topics: /firmware_version, /rosout, /joint_states, /motor_power, /imu, /tf, /cmd_vel_rc100, /sound, /odom, /reset, /diagnostics, /cmd_vel, /sensor_state, /magnetic_field] Tried to publish before configured, topic id 131
1644392669.563688039 INFO /turtlebot3_core [SerialClient.py:404(SerialClient.requestTopics)] [topics: /firmware_version, /rosout, /joint_states, /motor_power, /imu, /tf, /cmd_vel_rc100, /sound, /odom, /reset, /diagnostics, /cmd_vel, /sensor_state, /magnetic_field] Requesting topics...
1644392669.625091075 ERROR /turtlebot3_core [SerialClient.py:542(SerialClient.run)] [topics: /firmware_version, /rosout, /joint_states, /motor_power, /imu, /tf, /cmd_vel_rc100, /sound, /odom, /reset, /diagnostics, /cmd_vel, /sensor_state, /magnetic_field] Tried to publish before configured, topic id 131
1644392669.641382932 INFO /turtlebot3_core [SerialClient.py:404(SerialClient.requestTopics)] [topics: /firmware_version, /rosout, /joint_states, /motor_power, /imu, /tf, /cmd_vel_rc100, /sound, /odom, /reset, /diagnostics, /cmd_vel, /sensor_state, /magnetic_field] Requesting topics...
1644392669.767324924 ERROR /turtlebot3_core [SerialClient.py:542(SerialClient.run)] [topics: /firmware_version, /rosout, /joint_states, /motor_power, /imu, /tf, /cmd_vel_rc100, /sound, /odom, /reset, /diagnostics, /cmd_vel, /sensor_state, /magnetic_field] Tried to publish before configured, topic id 131
1644392669.859687089 INFO /turtlebot3_core [SerialClient.py:404(SerialClient.requestTopics)] [topics: /firmware_version, /rosout, /joint_states, /motor_power, /imu, /tf, /cmd_vel_rc100, /sound, /odom, /reset, /diagnostics, /cmd_vel, /sensor_state, /magnetic_field] Requesting topics...
1644392670.262625932 INFO /turtlebot3_core [SerialClient.py:578(SerialClient.setupPublisher)] [topics: /firmware_version, /rosout, /joint_states, /motor_power, /imu, /tf, /cmd_vel_rc100, /sound, /odom, /reset, /diagnostics, /cmd_vel, /sensor_state, /magnetic_field] Setup publisher on firmware_version [turtlebot3_msgs/VersionInfo]
1644392670.399518013 INFO /turtlebot3_core [SerialClient.py:578(SerialClient.setupPublisher)] [topics: /firmware_version, /rosout, /joint_states, /motor_power, /imu, /tf, /cmd_vel_rc100, /sound, /odom, /reset, /diagnostics, /cmd_vel, /sensor_state, /magnetic_field] Setup publisher on imu [sensor_msgs/Imu]
1644392670.455768108 INFO /turtlebot3_core [SerialClient.py:578(SerialClient.setupPublisher)] [topics: /firmware_version, /rosout, /joint_states, /motor_power, /imu, /tf, /cmd_vel_rc100, /sound, /odom, /reset, /diagnostics, /cmd_vel, /sensor_state, /magnetic_field] Setup publisher on cmd_vel_rc100 [geometry_msgs/Twist]
1644392670.698530912 INFO /turtlebot3_core [SerialClient.py:578(SerialClient.setupPublisher)] [topics: /firmware_version, /rosout, /joint_states, /motor_power, /imu, /tf, /cmd_vel_rc100, /sound, /odom, /reset, /diagnostics, /cmd_vel, /sensor_state, /magnetic_field] Setup publisher on odom [nav_msgs/Odometry]
1644392670.952876091 INFO /turtlebot3_core [SerialClient.py:578(SerialClient.setupPublisher)] [topics: /firmware_version, /rosout, /joint_states, /motor_power, /imu, /tf, /cmd_vel_rc100, /sound, /odom, /reset, /diagnostics, /cmd_vel, /sensor_state, /magnetic_field] Setup publisher on joint_states [sensor_msgs/JointState]
1644392671.320980072 ERROR /turtlebot3_core [SerialClient.py:580(SerialClient.setupPublisher)] [topics: /firmware_version, /rosout, /joint_states, /motor_power, /imu, /tf, /cmd_vel_rc100, /sound, /odom, /reset, /diagnostics, /cmd_vel, /sensor_state, /magnetic_field] Creation of publisher failed: Checksum does not match: 476f837fa6771f6e16e3bf4ef96f8770,4ddae7f048e32fda22cac764685e3974
1644392671.407624006 INFO /turtlebot3_core [SerialClient.py:578(SerialClient.setupPublisher)] [topics: /firmware_version, /rosout, /joint_states, /motor_power, /imu, /tf, /cmd_vel_rc100, /sound, /odom, /reset, /diagnostics, /cmd_vel, /sensor_state, /magnetic_field] Setup publisher on magnetic_field [sensor_msgs/MagneticField]
1644392671.565675020 INFO /turtlebot3_core [SerialClient.py:578(SerialClient.setupPublisher)] [topics: /firmware_version, /rosout, /joint_states, /motor_power, /imu, /tf, /cmd_vel_rc100, /sound, /odom, /reset, /diagnostics, /cmd_vel, /sensor_state, /magnetic_field] Setup publisher on /tf [tf/tfMessage]
1644392671.780183076 ERROR /turtlebot3_core [SerialClient.py:542(SerialClient.run)] [topics: /firmware_version, /rosout, /joint_states, /motor_power, /imu, /tf, /cmd_vel_rc100, /sound, /odom, /reset, /diagnostics, /cmd_vel, /sensor_state, /magnetic_field] Tried to publish before configured, topic id 131
1644392671.846674919 INFO /turtlebot3_core [SerialClient.py:404(SerialClient.requestTopics)] [topics: /firmware_version, /rosout, /joint_states, /motor_power, /imu, /tf, /cmd_vel_rc100, /sound, /odom, /reset, /diagnostics, /cmd_vel, /sensor_state, /magnetic_field] Requesting topics...
1644392672.291826009 ERROR /turtlebot3_core [SerialClient.py:542(SerialClient.run)] [topics: /firmware_version, /rosout, /joint_states, /motor_power, /imu, /tf, /cmd_vel_rc100, /sound, /odom, /reset, /diagnostics, /cmd_vel, /sensor_state, /magnetic_field] Tried to publish before configured, topic id 131
1644392672.340970039 INFO /turtlebot3_core [SerialClient.py:404(SerialClient.requestTopics)] [topics: /firmware_version, /rosout, /joint_states, /motor_power, /imu, /tf, /cmd_vel_rc100, /sound, /odom, /reset, /diagnostics, /cmd_vel, /sensor_state, /magnetic_field] Requesting topics...
1644392672.428122043 ERROR /turtlebot3_core [SerialClient.py:542(SerialClient.run)] [topics: /firmware_version, /rosout, /joint_states, /motor_power, /imu, /tf, /cmd_vel_rc100, /sound, /odom, /reset, /diagnostics, /cmd_vel, /sensor_state, /magnetic_field] Tried to publish before configured, topic id 131
1644392672.851779937 INFO /turtlebot3_core [SerialClient.py:404(SerialClient.requestTopics)] [topics: /firmware_version, /rosout, /joint_states, /motor_power, /imu, /tf, /cmd_vel_rc100, /sound, /odom, /reset, /diagnostics, /cmd_vel, /sensor_state, /magnetic_field] Requesting topics...
1644392672.908196926 INFO /turtlebot3_core [SerialClient.py:578(SerialClient.setupPublisher)] [topics: /firmware_version, /rosout, /joint_states, /motor_power, /imu, /tf, /cmd_vel_rc100, /sound, /odom, /reset, /diagnostics, /cmd_vel, /sensor_state, /magnetic_field] Setup publisher on sensor_state [turtlebot3_msgs/SensorState]
1644392673.368801116 INFO /turtlebot3_core [SerialClient.py:578(SerialClient.setupPublisher)] [topics: /firmware_version, /rosout, /joint_states, /motor_power, /imu, /tf, /cmd_vel_rc100, /sound, /odom, /reset, /diagnostics, /cmd_vel, /sensor_state, /magnetic_field] Setup publisher on firmware_version [turtlebot3_msgs/VersionInfo]
1644392673.450603008 INFO /turtlebot3_core [SerialClient.py:578(SerialClient.setupPublisher)] [topics: /firmware_version, /rosout, /joint_states, /motor_power, /imu, /tf, /cmd_vel_rc100, /sound, /odom, /reset, /diagnostics, /cmd_vel, /sensor_state, /magnetic_field] Setup publisher on imu [sensor_msgs/Imu]
1644392673.528702974 INFO /turtlebot3_core [SerialClient.py:578(SerialClient.setupPublisher)] [topics: /firmware_version, /rosout, /joint_states, /motor_power, /imu, /tf, /cmd_vel_rc100, /sound, /odom, /reset, /diagnostics, /cmd_vel, /sensor_state, /magnetic_field] Setup publisher on cmd_vel_rc100 [geometry_msgs/Twist]
1644392673.797377109 INFO /turtlebot3_core [SerialClient.py:578(SerialClient.setupPublisher)] [topics: /firmware_version, /rosout, /joint_states, /motor_power, /imu, /tf, /cmd_vel_rc100, /sound, /odom, /reset, /diagnostics, /cmd_vel, /sensor_state, /magnetic_field] Setup publisher on odom [nav_msgs/Odometry]
1644392673.892993927 INFO /turtlebot3_core [SerialClient.py:578(SerialClient.setupPublisher)] [topics: /firmware_version, /rosout, /joint_states, /motor_power, /imu, /tf, /cmd_vel_rc100, /sound, /odom, /reset, /diagnostics, /cmd_vel, /sensor_state, /magnetic_field] Setup publisher on joint_states [sensor_msgs/JointState]
1644392673.948169946 ERROR /turtlebot3_core [SerialClient.py:580(SerialClient.setupPublisher)] [topics: /firmware_version, /rosout, /joint_states, /motor_power, /imu, /tf, /cmd_vel_rc100, /sound, /odom, /reset, /diagnostics, /cmd_vel, /sensor_state, /magnetic_field] Creation of publisher failed: Checksum does not match: 476f837fa6771f6e16e3bf4ef96f8770,4ddae7f048e32fda22cac764685e3974
1644392674.100150108 INFO /turtlebot3_core [SerialClient.py:578(SerialClient.setupPublisher)] [topics: /firmware_version, /rosout, /joint_states, /motor_power, /imu, /tf, /cmd_vel_rc100, /sound, /odom, /reset, /diagnostics, /cmd_vel, /sensor_state, /magnetic_field] Setup publisher on magnetic_field [sensor_msgs/MagneticField]
1644392674.267410039 INFO /turtlebot3_core [SerialClient.py:578(SerialClient.setupPublisher)] [topics: /firmware_version, /rosout, /joint_states, /motor_power, /imu, /tf, /cmd_vel_rc100, /sound, /odom, /reset, /diagnostics, /cmd_vel, /sensor_state, /magnetic_field] Setup publisher on /tf [tf/tfMessage]
1644392674.366396903 ERROR /turtlebot3_core [SerialClient.py:542(SerialClient.run)] [topics: /firmware_version, /rosout, /joint_states, /motor_power, /imu, /tf, /cmd_vel_rc100, /sound, /odom, /reset, /diagnostics, /cmd_vel, /sensor_state, /magnetic_field] Tried to publish before configured, topic id 131
1644392674.551822900 INFO /turtlebot3_core [SerialClient.py:404(SerialClient.requestTopics)] [topics: /firmware_version, /rosout, /joint_states, /motor_power, /imu, /tf, /cmd_vel_rc100, /sound, /odom, /reset, /diagnostics, /cmd_vel, /sensor_state, /magnetic_field] Requesting topics...
1644392674.644330024 ERROR /turtlebot3_core [SerialClient.py:542(SerialClient.run)] [topics: /firmware_version, /rosout, /joint_states, /motor_power, /imu, /tf, /cmd_vel_rc100, /sound, /odom, /reset, /diagnostics, /cmd_vel, /sensor_state, /magnetic_field] Tried to publish before configured, topic id 131
1644392674.898348093 INFO /turtlebot3_core [SerialClient.py:404(SerialClient.requestTopics)] [topics: /firmware_version, /rosout, /joint_states, /motor_power, /imu, /tf, /cmd_vel_rc100, /sound, /odom, /reset, /diagnostics, /cmd_vel, /sensor_state, /magnetic_field] Requesting topics...
1644392675.023287057 INFO /turtlebot3_core [SerialClient.py:578(SerialClient.setupPublisher)] [topics: /firmware_version, /rosout, /joint_states, /motor_power, /imu, /tf, /cmd_vel_rc100, /sound, /odom, /reset, /diagnostics, /cmd_vel, /sensor_state, /magnetic_field] Setup publisher on /tf [tf/tfMessage]
1644392675.382730960 ERROR /turtlebot3_core [SerialClient.py:542(SerialClient.run)] [topics: /firmware_version, /rosout, /joint_states, /motor_power, /imu, /tf, /cmd_vel_rc100, /sound, /odom, /reset, /diagnostics, /cmd_vel, /sensor_state, /magnetic_field] Tried to publish before configured, topic id 131
